<?xml version="1.0" encoding="UTF-8"?>
<!-- Generated by org.testng.reporters.JUnitXMLReporter -->
<testsuite hostname="karthicks-MacBook-Air.local" ignored="0" name="Test" tests="10" failures="0" timestamp="23 Apr 2021 03:41:57 GMT" time="177.549" errors="0">
  <testcase name="scenario1" time="5.545" classname="scenarios.Cases"/>
  <testcase name="scenario2" time="3.405" classname="scenarios.Cases"/>
  <testcase name="scenario3" time="29.379" classname="scenarios.Cases"/>
  <testcase name="scenario4" time="7.416" classname="scenarios.Cases"/>
  <testcase name="scenario5" time="4.309" classname="scenarios.Cases"/>
  <testcase name="scenario6" time="5.323" classname="scenarios.Cases"/>
  <testcase name="scenario7" time="4.024" classname="scenarios.Cases"/>
  <testcase name="scenario8" time="5.715" classname="scenarios.Cases"/>
  <testcase name="scenario9" time="11.565" classname="scenarios.Cases"/>
  <testcase name="scenario10" time="6.018" classname="scenarios.Cases"/>
</testsuite> <!-- Test -->
